<?xml version="1.0" encoding="UTF-8"?>
<robot generator="Robot 3.1.2 (Python 3.7.3 on win32)" generated="20200419 14:10:17.153" rpa="false">
<suite id="s1" name="Test1" source="E:\Jenkins\RobotProject\Test1.robot">
<test id="s1-t1" name="Test 1 Parallel Execution">
<kw name="Log" library="BuiltIn">
<doc>Logs the given message with the given level.</doc>
<arguments>
<arg>Started execution Test 1</arg>
</arguments>
<msg timestamp="20200419 14:10:17.183" level="INFO">Started execution Test 1</msg>
<status status="PASS" starttime="20200419 14:10:17.183" endtime="20200419 14:10:17.183"></status>
</kw>
<status status="PASS" starttime="20200419 14:10:17.183" endtime="20200419 14:10:17.184" critical="yes"></status>
</test>
<status status="PASS" starttime="20200419 14:10:17.154" endtime="20200419 14:10:17.184"></status>
</suite>
<statistics>
<total>
<stat pass="1" fail="0">Critical Tests</stat>
<stat pass="1" fail="0">All Tests</stat>
</total>
<tag>
</tag>
<suite>
<stat pass="1" fail="0" id="s1" name="Test1">Test1</stat>
</suite>
</statistics>
<errors>
<msg timestamp="20200419 14:10:17.148" level="ERROR">Error in file 'E:\Jenkins\RobotProject\Test1.robot': Non-existing setting 'import os'.</msg>
</errors>
</robot>
